# JRE version: OpenJDK Runtime Environment (8.0_212-b04) (build 1.8.0_212-release-1586-b04)
# Java VM: OpenJDK 64-Bit Server VM (25.212-b04 mixed mode windows-amd64 compressed oops)
Heap:
 PSYoungGen      total 198144K, used 86496K [0x00000000e0000000, 0x00000000eec00000, 0x0000000100000000)
  eden space 154624K, 55% used [0x00000000e0000000,0x00000000e5478208,0x00000000e9700000)
  from space 43520K, 0% used [0x00000000e9700000,0x00000000e9700000,0x00000000ec180000)
  to   space 20992K, 0% used [0x00000000ece00000,0x00000000ece00000,0x00000000ee280000)
 ParOldGen       total 148992K, used 66287K [0x00000000a0000000, 0x00000000a9180000, 0x00000000e0000000)
  object space 148992K, 44% used [0x00000000a0000000,0x00000000a40bbda0,0x00000000a9180000)
 Metaspace       used 100225K, capacity 105148K, committed 105344K, reserved 1144832K
  class space    used 13067K, capacity 14092K, committed 14208K, reserved 1048576K
GC Heap History (10 events):
Event: 1349.254 GC heap before
{Heap before GC invocations=19 (full 3):
 PSYoungGen      total 192512K, used 191523K [0x00000000e0000000, 0x00000000eef00000, 0x0000000100000000)
  eden space 168960K, 100% used [0x00000000e0000000,0x00000000ea500000,0x00000000ea500000)
  from space 23552K, 95% used [0x00000000ea500000,0x00000000ebb08ee0,0x00000000ebc00000)
  to   space 26112K, 0% used [0x00000000ed580000,0x00000000ed580000,0x00000000eef00000)
 ParOldGen       total 148992K, used 43709K [0x00000000a0000000, 0x00000000a9180000, 0x00000000e0000000)
  object space 148992K, 29% used [0x00000000a0000000,0x00000000a2aaf610,0x00000000a9180000)
 Metaspace       used 81576K, capacity 85772K, committed 85888K, reserved 1124352K
  class space    used 10661K, capacity 11536K, committed 11648K, reserved 1048576K
Event: 1349.273 GC heap after
Heap after GC invocations=19 (full 3):
 PSYoungGen      total 183808K, used 19895K [0x00000000e0000000, 0x00000000ee900000, 0x0000000100000000)
  eden space 163840K, 0% used [0x00000000e0000000,0x00000000e0000000,0x00000000ea000000)
  from space 19968K, 99% used [0x00000000ed580000,0x00000000ee8edd20,0x00000000ee900000)
  to   space 27648K, 0% used [0x00000000eb300000,0x00000000eb300000,0x00000000ece00000)
 ParOldGen       total 148992K, used 43717K [0x00000000a0000000, 0x00000000a9180000, 0x00000000e0000000)
  object space 148992K, 29% used [0x00000000a0000000,0x00000000a2ab1610,0x00000000a9180000)
 Metaspace       used 81576K, capacity 85772K, committed 85888K, reserved 1124352K
  class space    used 10661K, capacity 11536K, committed 11648K, reserved 1048576K
}
Event: 1352.018 GC heap before
{Heap before GC invocations=20 (full 3):
 PSYoungGen      total 183808K, used 183712K [0x00000000e0000000, 0x00000000ee900000, 0x0000000100000000)
  eden space 163840K, 99% used [0x00000000e0000000,0x00000000e9ffa3d0,0x00000000ea000000)
  from space 19968K, 99% used [0x00000000ed580000,0x00000000ee8edd20,0x00000000ee900000)
  to   space 27648K, 0% used [0x00000000eb300000,0x00000000eb300000,0x00000000ece00000)
 ParOldGen       total 148992K, used 43717K [0x00000000a0000000, 0x00000000a9180000, 0x00000000e0000000)
  object space 148992K, 29% used [0x00000000a0000000,0x00000000a2ab1610,0x00000000a9180000)
 Metaspace       used 84823K, capacity 89120K, committed 89216K, reserved 1126400K
  class space    used 11025K, capacity 11888K, committed 11904K, reserved 1048576K
Event: 1352.054 GC heap after
Heap after GC invocations=20 (full 3):
 PSYoungGen      total 186880K, used 27637K [0x00000000e0000000, 0x00000000ee280000, 0x0000000100000000)
  eden space 159232K, 0% used [0x00000000e0000000,0x00000000e0000000,0x00000000e9b80000)
  from space 27648K, 99% used [0x00000000eb300000,0x00000000ecdfd768,0x00000000ece00000)
  to   space 20992K, 0% used [0x00000000ece00000,0x00000000ece00000,0x00000000ee280000)
 ParOldGen       total 148992K, used 56601K [0x00000000a0000000, 0x00000000a9180000, 0x00000000e0000000)
  object space 148992K, 37% used [0x00000000a0000000,0x00000000a3746420,0x00000000a9180000)
 Metaspace       used 84823K, capacity 89120K, committed 89216K, reserved 1126400K
  class space    used 11025K, capacity 11888K, committed 11904K, reserved 1048576K
}
Event: 1357.286 GC heap before
{Heap before GC invocations=21 (full 3):
 PSYoungGen      total 186880K, used 186869K [0x00000000e0000000, 0x00000000ee280000, 0x0000000100000000)
  eden space 159232K, 100% used [0x00000000e0000000,0x00000000e9b80000,0x00000000e9b80000)
  from space 27648K, 99% used [0x00000000eb300000,0x00000000ecdfd768,0x00000000ece00000)
  to   space 20992K, 0% used [0x00000000ece00000,0x00000000ece00000,0x00000000ee280000)
 ParOldGen       total 148992K, used 56601K [0x00000000a0000000, 0x00000000a9180000, 0x00000000e0000000)
  object space 148992K, 37% used [0x00000000a0000000,0x00000000a3746420,0x00000000a9180000)
 Metaspace       used 91153K, capacity 95542K, committed 95744K, reserved 1132544K
  class space    used 11801K, capacity 12705K, committed 12800K, reserved 1048576K
Event: 1357.319 GC heap after
Heap after GC invocations=21 (full 3):
 PSYoungGen      total 175616K, used 20980K [0x00000000e0000000, 0x00000000eec00000, 0x0000000100000000)
  eden space 154624K, 0% used [0x00000000e0000000,0x00000000e0000000,0x00000000e9700000)
  from space 20992K, 99% used [0x00000000ece00000,0x00000000ee27d060,0x00000000ee280000)
  to   space 43520K, 0% used [0x00000000e9700000,0x00000000e9700000,0x00000000ec180000)
 ParOldGen       total 148992K, used 75811K [0x00000000a0000000, 0x00000000a9180000, 0x00000000e0000000)
  object space 148992K, 50% used [0x00000000a0000000,0x00000000a4a08fa0,0x00000000a9180000)
 Metaspace       used 91153K, capacity 95542K, committed 95744K, reserved 1132544K
  class space    used 11801K, capacity 12705K, committed 12800K, reserved 1048576K
}
Event: 1359.411 GC heap before
{Heap before GC invocations=22 (full 3):
 PSYoungGen      total 175616K, used 79676K [0x00000000e0000000, 0x00000000eec00000, 0x0000000100000000)
  eden space 154624K, 37% used [0x00000000e0000000,0x00000000e39521b8,0x00000000e9700000)
  from space 20992K, 99% used [0x00000000ece00000,0x00000000ee27d060,0x00000000ee280000)
  to   space 43520K, 0% used [0x00000000e9700000,0x00000000e9700000,0x00000000ec180000)
 ParOldGen       total 148992K, used 75811K [0x00000000a0000000, 0x00000000a9180000, 0x00000000e0000000)
  object space 148992K, 50% used [0x00000000a0000000,0x00000000a4a08fa0,0x00000000a9180000)
 Metaspace       used 93844K, capacity 98438K, committed 98560K, reserved 1134592K
  class space    used 12122K, capacity 13027K, committed 13056K, reserved 1048576K
Event: 1359.456 GC heap after
Heap after GC invocations=22 (full 3):
 PSYoungGen      total 198144K, used 14910K [0x00000000e0000000, 0x00000000eec00000, 0x0000000100000000)
  eden space 154624K, 0% used [0x00000000e0000000,0x00000000e0000000,0x00000000e9700000)
  from space 43520K, 34% used [0x00000000e9700000,0x00000000ea58f848,0x00000000ec180000)
  to   space 20992K, 0% used [0x00000000ece00000,0x00000000ece00000,0x00000000ee280000)
 ParOldGen       total 148992K, used 90669K [0x00000000a0000000, 0x00000000a9180000, 0x00000000e0000000)
  object space 148992K, 60% used [0x00000000a0000000,0x00000000a588b408,0x00000000a9180000)
 Metaspace       used 93844K, capacity 98438K, committed 98560K, reserved 1134592K
  class space    used 12122K, capacity 13027K, committed 13056K, reserved 1048576K
}
Event: 1359.456 GC heap before
{Heap before GC invocations=23 (full 4):
 PSYoungGen      total 198144K, used 14910K [0x00000000e0000000, 0x00000000eec00000, 0x0000000100000000)
  eden space 154624K, 0% used [0x00000000e0000000,0x00000000e0000000,0x00000000e9700000)
  from space 43520K, 34% used [0x00000000e9700000,0x00000000ea58f848,0x00000000ec180000)
  to   space 20992K, 0% used [0x00000000ece00000,0x00000000ece00000,0x00000000ee280000)
 ParOldGen       total 148992K, used 90669K [0x00000000a0000000, 0x00000000a9180000, 0x00000000e0000000)
  object space 148992K, 60% used [0x00000000a0000000,0x00000000a588b408,0x00000000a9180000)
 Metaspace       used 93844K, capacity 98438K, committed 98560K, reserved 1134592K
  class space    used 12122K, capacity 13027K, committed 13056K, reserved 1048576K
Event: 1359.750 GC heap after
Heap after GC invocations=23 (full 4):
 PSYoungGen      total 198144K, used 0K [0x00000000e0000000, 0x00000000eec00000, 0x0000000100000000)
  eden space 154624K, 0% used [0x00000000e0000000,0x00000000e0000000,0x00000000e9700000)
  from space 43520K, 0% used [0x00000000e9700000,0x00000000e9700000,0x00000000ec180000)
  to   space 20992K, 0% used [0x00000000ece00000,0x00000000ece00000,0x00000000ee280000)
 ParOldGen       total 148992K, used 66287K [0x00000000a0000000, 0x00000000a9180000, 0x00000000e0000000)
  object space 148992K, 44% used [0x00000000a0000000,0x00000000a40bbda0,0x00000000a9180000)
 Metaspace       used 93386K, capacity 97130K, committed 98560K, reserved 1134592K
  class space    used 11975K, capacity 12771K, committed 13056K, reserved 1048576K
}

